D:\університет\ооп\5лабакурсоваНова\SMILE\DEBUG\SMILE.OBJ
D:\УНІВЕРСИТЕТ\ООП\5ЛАБАКУРСОВАНОВА\SMILE\DEBUG\VC110.PDB
D:\університет\ооп\5лабакурсоваНова\DEBUG\SMILE.ILK
D:\університет\ооп\5лабакурсоваНова\DEBUG\SMILE.EXE
D:\УНІВЕРСИТЕТ\ООП\5ЛАБАКУРСОВАНОВА\DEBUG\SMILE.PDB
D:\університет\ооп\5лабакурсоваНова\SMILE\DEBUG\SMILE1.RES
䑞尺菑뷐雑닐뗐胑臑룐苑뗐苑큜킾킾岿퀵킻킰킱킰톺톃톀킁킾킲킰킝킾킲岰浓汩履浓汩⹥捶灸潲൪䐊尺菑뷐雑닐뗐胑臑룐苑뗐苑큜킾킾岿퀵킻킰킱킰톺톃톀킁킾킲킰킝킾킲岰浓汩履敄畢屧浓汩⹥敒潳牵散爮獥畯捲獥਍䑞尺菑뷐雑닐뗐胑臑룐苑뗐苑큜킾킾岿퀵킻킰킱킰톺톃톀킁킾킲킰킝킾킲岰浓汩履浓汩⹥捶灸潲൪䐊尺菑뷐雑닐뗐胑臑룐苑뗐苑큜킾킾岿퀵킻킰킱킰톺톃톀킁킾킲킰킝킾킲岰浓汩履敄畢屧浓汩⹥敒潳牵散爮獥畯捲獥਍䑞尺菑뷐雑닐뗐胑臑룐苑뗐苑큜킾킾岿퀵킻킰킱킰톺톃톀킁킾킲킰킝킾킲岰浓汩履浓汩⹥捶灸潲൪䐊尺菑뷐雑닐뗐胑臑룐苑뗐苑큜킾킾岿퀵킻킰킱킰톺톃톀킁킾킲킰킝킾킲岰浓汩履敄畢屧浓汩⹥敒潳牵散爮獥畯捲獥਍䑞尺菑뷐雑닐뗐胑臑룐苑뗐苑큜킾킾岿퀵킻킰킱킰톺톃톀킁킾킲킰킝킾킲岰浓汩履浓汩⹥捶灸潲൪䐊尺菑뷐雑닐뗐胑臑룐苑뗐苑큜킾킾岿퀵킻킰킱킰톺톃톀킁킾킲킰킝킾킲岰浓汩履敄畢屧浓汩⹥敒潳牵散爮獥畯捲獥਍䑞尺菑뷐雑닐뗐胑臑룐苑뗐苑큜킾킾岿퀵킻킰킱킰톺톃톀킁킾킲킰킝킾킲岰浓汩履浓汩⹥捶灸潲൪䐊尺菑뷐雑닐뗐胑臑룐苑뗐苑큜킾킾岿퀵킻킰킱킰톺톃톀킁킾킲킰킝킾킲岰浓汩履敄畢屧浓汩⹥敒潳牵散爮獥畯捲獥਍䑞尺菑뷐雑닐뗐胑臑룐苑뗐苑큜킾킾岿퀵킻킰킱킰톺톃톀킁킾킲킰킝킾킲岰浓汩履浓汩⹥捶灸潲൪䐊尺菑뷐雑닐뗐胑臑룐苑뗐苑큜킾킾岿퀵킻킰킱킰톺톃톀킁킾킲킰킝킾킲岰浓汩履敄畢屧浓汩⹥敒潳牵散爮獥畯捲獥਍䑞尺菑뷐雑닐뗐胑臑룐苑뗐苑큜킾킾岿퀵킻킰킱킰톺톃톀킁킾킲킰킝킾킲岰浓汩履浓汩⹥捶灸潲൪䐊尺菑뷐雑닐뗐胑臑룐苑뗐苑큜킾킾岿퀵킻킰킱킰톺톃톀킁킾킲킰킝킾킲岰浓汩履敄畢屧浓汩⹥敒潳牵散爮獥畯捲獥਍䑞尺菑뷐雑닐뗐胑臑룐苑뗐苑큜킾킾岿퀵킻킰킱킰톺톃톀킁킾킲킰킝킾킲岰浓汩履浓汩⹥捶灸潲൪䐊尺菑뷐雑닐뗐胑臑룐苑뗐苑큜킾킾岿퀵킻킰킱킰톺톃톀킁킾킲킰킝킾킲岰浓汩履敄畢屧浓汩⹥敒潳牵散爮獥畯捲獥਍䑞尺菑뷐雑닐뗐胑臑룐苑뗐苑큜킾킾岿퀵킻킰킱킰톺톃톀킁킾킲킰킝킾킲岰浓汩履浓汩⹥捶灸潲൪䐊尺菑뷐雑닐뗐胑臑룐苑뗐苑큜킾킾岿퀵킻킰킱킰톺톃톀킁킾킲킰킝킾킲岰浓汩履敄畢屧浓汩⹥敒潳牵散爮獥畯捲獥਍䑞尺菑뷐雑닐뗐胑臑룐苑뗐苑큜킾킾岿퀵킻킰킱킰톺톃톀킁킾킲킰킝킾킲岰浓汩履浓汩⹥捶灸潲൪䐊尺菑뷐雑닐뗐胑臑룐苑뗐苑큜킾킾岿퀵킻킰킱킰톺톃톀킁킾킲킰킝킾킲岰浓汩履敄畢屧浓汩⹥敒潳牵散爮獥畯捲獥਍
D:\університет\ооп\5лабакурсоваНова\Smile\Debug\Smile.vcxproj.GenerateResource.Cache
D:\університет\ооп\5лабакурсоваНова\Smile\Debug\Smile.Resource.resources
D:\університет\ооп\5лабакурсоваНова\Smile\Debug\cl.command.1.tlog
D:\університет\ооп\5лабакурсоваНова\Smile\Debug\CL.read.1.tlog
D:\університет\ооп\5лабакурсоваНова\Smile\Debug\CL.write.1.tlog
D:\університет\ооп\5лабакурсоваНова\Smile\Debug\link-cvtres.read.1.tlog
D:\університет\ооп\5лабакурсоваНова\Smile\Debug\link-cvtres.write.1.tlog
D:\університет\ооп\5лабакурсоваНова\Smile\Debug\link-rc.read.1.tlog
D:\університет\ооп\5лабакурсоваНова\Smile\Debug\link-rc.write.1.tlog
D:\університет\ооп\5лабакурсоваНова\Smile\Debug\link.2688-cvtres.read.1.tlog
D:\університет\ооп\5лабакурсоваНова\Smile\Debug\link.2688-cvtres.write.1.tlog
D:\університет\ооп\5лабакурсоваНова\Smile\Debug\link.2688-rc.read.1.tlog
D:\університет\ооп\5лабакурсоваНова\Smile\Debug\link.2688-rc.write.1.tlog
D:\університет\ооп\5лабакурсоваНова\Smile\Debug\link.2688.read.1.tlog
D:\університет\ооп\5лабакурсоваНова\Smile\Debug\link.2688.write.1.tlog
D:\університет\ооп\5лабакурсоваНова\Smile\Debug\link.3824-cvtres.read.1.tlog
D:\університет\ооп\5лабакурсоваНова\Smile\Debug\link.3824-cvtres.write.1.tlog
D:\університет\ооп\5лабакурсоваНова\Smile\Debug\link.3824-rc.read.1.tlog
D:\університет\ооп\5лабакурсоваНова\Smile\Debug\link.3824-rc.write.1.tlog
D:\університет\ооп\5лабакурсоваНова\Smile\Debug\link.3824.read.1.tlog
D:\університет\ооп\5лабакурсоваНова\Smile\Debug\link.3824.write.1.tlog
D:\університет\ооп\5лабакурсоваНова\Smile\Debug\link.4244-cvtres.read.1.tlog
D:\університет\ооп\5лабакурсоваНова\Smile\Debug\link.4244-cvtres.write.1.tlog
D:\університет\ооп\5лабакурсоваНова\Smile\Debug\link.4244-rc.read.1.tlog
D:\університет\ооп\5лабакурсоваНова\Smile\Debug\link.4244-rc.write.1.tlog
D:\університет\ооп\5лабакурсоваНова\Smile\Debug\link.4244.read.1.tlog
D:\університет\ооп\5лабакурсоваНова\Smile\Debug\link.4244.write.1.tlog
D:\університет\ооп\5лабакурсоваНова\Smile\Debug\link.command.1.tlog
D:\університет\ооп\5лабакурсоваНова\Smile\Debug\link.read.1.tlog
D:\університет\ооп\5лабакурсоваНова\Smile\Debug\link.write.1.tlog
D:\університет\ооп\5лабакурсоваНова\Smile\Debug\rc.command.1.tlog
D:\університет\ооп\5лабакурсоваНова\Smile\Debug\rc.read.1.tlog
D:\університет\ооп\5лабакурсоваНова\Smile\Debug\rc.write.1.tlog
D:\університет\ооп\5лабакурсоваНова\Smile\Debug\Smile.write.1.tlog
D:\університет\ооп\5лабакурсоваНова\Smile\Debug\Smile1.res
D:\університет\ооп\5лабакурсоваНова\Smile\Debug\vc110.idb
D:\університет\ооп\5лабакурсоваНова\Smile\Debug\vc110.pdb
D:\університет\ооп\5лабакурсоваНова\Debug\Smile.pdb
D:\університет\ооп\5лабакурсоваНова\Debug\Smile.exe
D:\університет\ооп\5лабакурсоваНова\Debug\Smile.ilk
